<?xml version="1.0" encoding="UTF-8"?>
<!-- Generated by org.testng.reporters.JUnitReportReporter -->
<testsuite hostname="NCWin10" name="example.Eloqua" tests="1" failures="0" timestamp="18 Apr 2018 08:53:13 GMT" time="23.034" errors="0">
  <testcase name="Eloqua_InMemory_DSNLess" time="23.034" classname="example.Eloqua"/>
</testsuite> <!-- example.Eloqua -->
