<?xml version="1.0" encoding="UTF-8"?>
<!-- Generated by org.testng.reporters.JUnitReportReporter -->
<testsuite hostname="DESKTOP-N978LAH" name="example.Shopify" tests="1" failures="0" timestamp="30 Apr 2018 14:04:43 GMT" time="47.129" errors="0">
  <testcase name="Shopify_Live_DSNLess" time="47.129" classname="example.Shopify"/>
</testsuite> <!-- example.Shopify -->
