<?xml version="1.0" encoding="UTF-8"?>
<!-- Generated by org.testng.reporters.JUnitReportReporter -->
<testsuite hostname="NCWin10" name="example.NewTest" tests="1" failures="0" timestamp="20 Apr 2018 13:05:59 GMT" time="0.031" errors="0">
  <testcase name="Impala_InMemory_DSN" time="0.031" classname="example.NewTest"/>
</testsuite> <!-- example.NewTest -->
